<?xml version="1.0" encoding="UTF-8"?>
<!-- Generated by org.testng.reporters.JUnitXMLReporter -->
<testsuite hostname="snsl-204" name="Filter Mobile" tests="2" failures="1" timestamp="9 May 2018 06:47:34 GMT" time="2.519" errors="0">
  <testcase name="FilterMobileTest" time="2.124" classname="com.qtpselenium.hybrid.product.FilterMobileTest">
    <failure type="java.lang.NullPointerException">
      <![CDATA[java.lang.NullPointerException
	at com.qtpselenium.hybrid.keywords.GenericKeywords.navigate(GenericKeywords.java:112)
	at com.qtpselenium.hybrid.keywords.Keywords.ExecuteKeywords(Keywords.java:61)
	at com.qtpselenium.hybrid.product.FilterMobileTest.FilterMobileTest(FilterMobileTest.java:46)
	at java.util.concurrent.FutureTask.run(FutureTask.java:266)
	at java.util.concurrent.ThreadPoolExecutor.runWorker(ThreadPoolExecutor.java:1142)
	at java.util.concurrent.ThreadPoolExecutor$Worker.run(ThreadPoolExecutor.java:617)
	at java.lang.Thread.run(Thread.java:745)
... Removed 16 stack frames]]>
    </failure>
  </testcase> <!-- FilterMobileTest -->
  <testcase name="FilterMobileTest" time="0.013" classname="com.qtpselenium.hybrid.product.FilterMobileTest">
    <skipped/>
  </testcase> <!-- FilterMobileTest -->
</testsuite> <!-- Filter Mobile -->
